---
mRpm   million reads per minute
mNpm   million nucleotides per minute
mCps   million alignment cells per second
lint   total removed reads (per 10K), sum of columns to the left
25K reads per dot, 1M reads per line  seconds  mr mRpm mNpm mCps {error qc  low  len  NNN tabu nobc cflr  cfl lint   OK} per 10K
........................................   16   1  3.8  140   65    0    0    0 1236    0    0    0    0    0 1351 8649
........................................   16   2  3.8  141   65    0    0    0 1210    0    0    0    0    0 1317 8682
........................................   16   3  3.8  142   66    0    0    0 1207    0    0    0    0    0 1310 8689
........................................   16   4  3.8  142   66    0    0    0 1202    0    0    0    0    0 1306 8694
........................................   16   5  3.8  142   66    0    0    0 1211    0    0    0    0    0 1311 8689

[reaper] check 0 errors, 0 reads truncated, 4340289 clean, 659711 lint, 5000000 total
REAPER :: 15:04:52 [13-10-2014] Executing mkdir -p /Users/apple/Pipeline/examples/Reaper/Reaper_results ; reaper -i /Users/apple/Pipeline/examples/Cutadapt/reads/SRR873382.fastq -basename /Users/apple/Pipeline/examples/Reaper/Reaper_results/SRR873382.fastq -geom no-bc -3p-prefix 12/2/0/0 -3pa ATCTCGTATGCCGTCTTCTGCTTGAA -tabu - -dust-suffix-late 20 -clean-length 18 --nozip 2>> /Users/apple/Pipeline/examples/Reaper/run_6076.log 
---
mRpm   million reads per minute
mNpm   million nucleotides per minute
mCps   million alignment cells per second
lint   total removed reads (per 10K), sum of columns to the left
25K reads per dot, 1M reads per line  seconds  mr mRpm mNpm mCps {error qc  low  len  NNN tabu nobc cflr  cfl lint   OK} per 10K
........................................   16   1  3.8  142   66    0    0    0 1317    0    0    0    0    0 1463 8537
........................................   16   2  3.8  142   66    0    0    0 1309    0    0    0    0    0 1450 8550
........................................   16   3  3.8  142   66    0    0    0 1298    0    0    0    0    0 1434 8565
........................................   16   4  3.8  142   66    0    0    0 1282    0    0    0    0    0 1414 8586
........................................   16   5  3.9  143   66    0    0    0 1290    0    0    0    0    0 1421 8578

[reaper] check 0 errors, 0 reads truncated, 4281541 clean, 718459 lint, 5000000 total
REAPER :: 15:06:12 [13-10-2014] Executing mkdir -p /Users/apple/Pipeline/examples/Reaper/Reaper_results ; reaper -i /Users/apple/Pipeline/examples/Cutadapt/reads/SRR873383.fastq -basename /Users/apple/Pipeline/examples/Reaper/Reaper_results/SRR873383.fastq -geom no-bc -3p-prefix 12/2/0/0 -3pa ATCTCGTATGCCGTCTTCTGCTTGAA -tabu - -dust-suffix-late 20 -clean-length 18 --nozip 2>> /Users/apple/Pipeline/examples/Reaper/run_6076.log 
---
mRpm   million reads per minute
mNpm   million nucleotides per minute
mCps   million alignment cells per second
lint   total removed reads (per 10K), sum of columns to the left
25K reads per dot, 1M reads per line  seconds  mr mRpm mNpm mCps {error qc  low  len  NNN tabu nobc cflr  cfl lint   OK} per 10K
........................................   16   1  3.8  142   65    0    0    0 2040    0    0    0    0    0 2056 7943
........................................   16   2  3.8  142   66    0    0    0 2036    0    0    0    0    0 2052 7948
........................................   16   3  3.8  142   66    0    0    0 2017    0    0    0    0    0 2033 7967
........................................   16   4  3.9  143   66    0    0    0 2029    0    0    0    0    0 2045 7955
........................................   16   5  3.8  142   66    0    0    0 2042    0    0    0    0    0 2057 7942

[reaper] check 0 errors, 0 reads truncated, 3975536 clean, 1024464 lint, 5000000 total
REAPER :: 15:07:31 [13-10-2014] Executing mkdir -p /Users/apple/Pipeline/examples/Reaper/Reaper_results ; reaper -i /Users/apple/Pipeline/examples/Cutadapt/reads/SRR873384.fastq -basename /Users/apple/Pipeline/examples/Reaper/Reaper_results/SRR873384.fastq -geom no-bc -3p-prefix 12/2/0/0 -3pa ATCTCGTATGCCGTCTTCTGCTTGAA -tabu - -dust-suffix-late 20 -clean-length 18 --nozip 2>> /Users/apple/Pipeline/examples/Reaper/run_6076.log 
---
mRpm   million reads per minute
mNpm   million nucleotides per minute
mCps   million alignment cells per second
lint   total removed reads (per 10K), sum of columns to the left
25K reads per dot, 1M reads per line  seconds  mr mRpm mNpm mCps {error qc  low  len  NNN tabu nobc cflr  cfl lint   OK} per 10K
........................................   16   1  3.8  142   65    0    0    0 2143    0    0    0    0    0 2159 7840
........................................   16   2  3.8  142   66    0    0    0 2146    0    0    0    0    0 2162 7838
........................................   16   3  3.8  142   66    0    0    0 2147    0    0    0    0    0 2163 7837
........................................   16   4  3.8  142   66    0    0    0 2137    0    0    0    0    0 2153 7847
........................................   16   5  3.8  142   65    0    0    0 2140    0    0    0    0    0 2155 7844

[reaper] check 0 errors, 0 reads truncated, 3920663 clean, 1079337 lint, 5000000 total
REAPER :: 15:08:51 [13-10-2014] Executing mkdir -p /Users/apple/Pipeline/examples/Reaper/Reaper_results ; reaper -i /Users/apple/Pipeline/examples/Cutadapt/reads/SRR873385.fastq -basename /Users/apple/Pipeline/examples/Reaper/Reaper_results/SRR873385.fastq -geom no-bc -3p-prefix 12/2/0/0 -3pa ATCTCGTATGCCGTCTTCTGCTTGAA -tabu - -dust-suffix-late 20 -clean-length 18 --nozip 2>> /Users/apple/Pipeline/examples/Reaper/run_6076.log 
---
mRpm   million reads per minute
mNpm   million nucleotides per minute
mCps   million alignment cells per second
lint   total removed reads (per 10K), sum of columns to the left
25K reads per dot, 1M reads per line  seconds  mr mRpm mNpm mCps {error qc  low  len  NNN tabu nobc cflr  cfl lint   OK} per 10K
........................................   16   1  3.8  141   65    0    0    0 1003    0    0    0    0    0 1012 8987
........................................   16   2  3.8  142   66    0    0    0 1002    0    0    0    0    0 1012 8988
........................................   16   3  3.8  142   66    0    0    0  996    0    0    0    0    0 1005 8994
........................................   16   4  3.9  142   66    0    0    0  989    0    0    0    0    0  998 9001
........................................   16   5  3.8  141   65    0    0    0  978    0    0    0    0    0  988 9012

[reaper] check 0 errors, 0 reads truncated, 4498260 clean, 501740 lint, 5000000 total
REAPER :: 15:10:11 [13-10-2014] Executing mkdir -p /Users/apple/Pipeline/examples/Reaper/Reaper_results ; reaper -i /Users/apple/Pipeline/examples/Cutadapt/reads/SRR873386.fastq -basename /Users/apple/Pipeline/examples/Reaper/Reaper_results/SRR873386.fastq -geom no-bc -3p-prefix 12/2/0/0 -3pa ATCTCGTATGCCGTCTTCTGCTTGAA -tabu - -dust-suffix-late 20 -clean-length 18 --nozip 2>> /Users/apple/Pipeline/examples/Reaper/run_6076.log 
---
mRpm   million reads per minute
mNpm   million nucleotides per minute
mCps   million alignment cells per second
lint   total removed reads (per 10K), sum of columns to the left
25K reads per dot, 1M reads per line  seconds  mr mRpm mNpm mCps {error qc  low  len  NNN tabu nobc cflr  cfl lint   OK} per 10K
........................................   16   1  3.8  142   66    0    0    0 1199    0    0    0    0    0 1210 8790
........................................   16   2  3.9  143   66    0    0    0 1198    0    0    0    0    0 1209 8790
........................................   16   3  3.9  142   66    0    0    0 1192    0    0    0    0    0 1202 8798
........................................   16   4  3.9  143   66    0    0    0 1204    0    0    0    0    0 1214 8786
........................................   16   5  3.9  143   66    0    0    0 1177    0    0    0    0    0 1188 8812

[reaper] check 0 errors, 0 reads truncated, 4397559 clean, 602441 lint, 5000000 total
REAPER :: 15:11:31 [13-10-2014] Executing mkdir -p /Users/apple/Pipeline/examples/Reaper/Reaper_results ; reaper -i /Users/apple/Pipeline/examples/Cutadapt/reads/SRR873387.fastq -basename /Users/apple/Pipeline/examples/Reaper/Reaper_results/SRR873387.fastq -geom no-bc -3p-prefix 12/2/0/0 -3pa ATCTCGTATGCCGTCTTCTGCTTGAA -tabu - -dust-suffix-late 20 -clean-length 18 --nozip 2>> /Users/apple/Pipeline/examples/Reaper/run_6076.log 
---
mRpm   million reads per minute
mNpm   million nucleotides per minute
mCps   million alignment cells per second
lint   total removed reads (per 10K), sum of columns to the left
25K reads per dot, 1M reads per line  seconds  mr mRpm mNpm mCps {error qc  low  len  NNN tabu nobc cflr  cfl lint   OK} per 10K
........................................   16   1  3.8  141   65    0    0    0 1288    0    0    0    0    0 1296 8703
........................................   16   2  3.8  142   66    0    0    0 1291    0    0    0    0    0 1299 8700
........................................   16   3  3.8  142   66    0    0    0 1286    0    0    0    0    0 1294 8705
........................................   16   4  3.8  142   66    0    0    0 1286    0    0    0    0    0 1295 8705
........................................   16   5  3.9  143   66    0    0    0 1297    0    0    0    0    0 1305 8694

[reaper] check 0 errors, 0 reads truncated, 4350804 clean, 649196 lint, 5000000 total
REAPER :: 15:12:50 [13-10-2014] Executing mkdir -p /Users/apple/Pipeline/examples/Reaper/Reaper_results ; reaper -i /Users/apple/Pipeline/examples/Cutadapt/reads/SRR873388.fastq -basename /Users/apple/Pipeline/examples/Reaper/Reaper_results/SRR873388.fastq -geom no-bc -3p-prefix 12/2/0/0 -3pa ATCTCGTATGCCGTCTTCTGCTTGAA -tabu - -dust-suffix-late 20 -clean-length 18 --nozip 2>> /Users/apple/Pipeline/examples/Reaper/run_6076.log 
---
mRpm   million reads per minute
mNpm   million nucleotides per minute
mCps   million alignment cells per second
lint   total removed reads (per 10K), sum of columns to the left
25K reads per dot, 1M reads per line  seconds  mr mRpm mNpm mCps {error qc  low  len  NNN tabu nobc cflr  cfl lint   OK} per 10K
........................................   16   1  3.8  141   65    0    0    0  923    0    0    0    0    0  931 9068
........................................   16   2  3.9  142   66    0    0    0  912    0    0    0    0    0  920 9080
........................................   16   3  3.9  142   66    0    0    0  901    0    0    0    0    0  909 9091
........................................   16   4  3.8  142   66    0    0    0  908    0    0    0    0    0  917 9083
........................................   16   5  3.8  141   65    0    0    0  904    0    0    0    0    0  912 9088

[reaper] check 0 errors, 0 reads truncated, 4540978 clean, 459022 lint, 5000000 total
REAPER :: 15:14:10 [13-10-2014] Executing mkdir -p /Users/apple/Pipeline/examples/Reaper/Reaper_results ; reaper -i /Users/apple/Pipeline/examples/Cutadapt/reads/SRR873389.fastq -basename /Users/apple/Pipeline/examples/Reaper/Reaper_results/SRR873389.fastq -geom no-bc -3p-prefix 12/2/0/0 -3pa ATCTCGTATGCCGTCTTCTGCTTGAA -tabu - -dust-suffix-late 20 -clean-length 18 --nozip 2>> /Users/apple/Pipeline/examples/Reaper/run_6076.log 
