MINION :: 09:59:06 [13-10-2014] Adapter prediction for SRR873382.fastq sample


criterion=sequence-density
sequence-density=91.55
sequence-density-rank=1
fanout-score=4.81
fanout-score-rank=10
prefix-density=87.78
prefix-fanout=4.8
sequence=ATCTCGTATGCCGTCTTCTGCTTGAAAAAAA


criterion=sequence-density
sequence-density=3.71
sequence-density-rank=2
fanout-score=9.43
fanout-score-rank=3
prefix-density=3.82
prefix-fanout=9.2
sequence=GCATCTCGTATG


criterion=fanout-score
sequence-density=1.04
sequence-density-rank=11
fanout-score=44.64
fanout-score-rank=1
prefix-density=46.16
prefix-fanout=1.0
sequence=TGATGTTGACAATCTCGTATG


criterion=fanout-score
sequence-density=1.78
sequence-density-rank=6
fanout-score=25.96
fanout-score-rank=2
prefix-density=46.07
prefix-fanout=1.0
sequence=CTGATGTTGACT
MINION :: 09:59:13 [13-10-2014] Adapter prediction for SRR873383.fastq sample


criterion=sequence-density
sequence-density=91.38
sequence-density-rank=1
fanout-score=4.44
fanout-score-rank=12
prefix-density=85.51
prefix-fanout=4.4
sequence=ATCTCGTATGCCGTCTTCTGCTTGAAAAAAAAA


criterion=sequence-density
sequence-density=4.02
sequence-density-rank=2
fanout-score=0.00
fanout-score-rank=17
prefix-density=0.00
prefix-fanout=1.0
sequence=TGAGGTAGTAGATTGTATAGTTA


criterion=fanout-score
sequence-density=1.12
sequence-density-rank=11
fanout-score=40.94
fanout-score-rank=1
prefix-density=45.73
prefix-fanout=1.0
sequence=TGATGTTGACAATCTCGTATG


criterion=fanout-score
sequence-density=1.77
sequence-density-rank=7
fanout-score=25.86
fanout-score-rank=2
prefix-density=45.64
prefix-fanout=1.0
sequence=CTGATGTTGACT
MINION :: 09:59:19 [13-10-2014] Adapter prediction for SRR873384.fastq sample


criterion=sequence-density
sequence-density=94.62
sequence-density-rank=1
fanout-score=5.14
fanout-score-rank=13
prefix-density=85.56
prefix-fanout=5.1
sequence=ATCTCGTATGCCGTCTTCTGCTTGAAAAAA


criterion=sequence-density
sequence-density=4.11
sequence-density-rank=2
fanout-score=6.89
fanout-score-rank=9
prefix-density=3.73
prefix-fanout=6.9
sequence=GCATCTCGTATG


criterion=fanout-score
sequence-density=0.72
sequence-density-rank=10
fanout-score=57.31
fanout-score-rank=1
prefix-density=41.22
prefix-fanout=1.0
sequence=CTGATGTTGACCATCTCGTATG


criterion=fanout-score
sequence-density=1.17
sequence-density-rank=5
fanout-score=35.47
fanout-score-rank=2
prefix-density=41.25
prefix-fanout=1.0
sequence=TGATGTTGACAATCTCGTATG
MINION :: 09:59:26 [13-10-2014] Adapter prediction for SRR873385.fastq sample


criterion=sequence-density
sequence-density=93.33
sequence-density-rank=1
fanout-score=5.19
fanout-score-rank=6
prefix-density=86.53
prefix-fanout=5.2
sequence=ATCTCGTATGCCGTCTTCTGCTTGAAAAAA


criterion=sequence-density
sequence-density=5.23
sequence-density-rank=2
fanout-score=15.15
fanout-score-rank=2
prefix-density=4.65
prefix-fanout=15.1
sequence=GCATCTCGTATG


criterion=fanout-score
sequence-density=1.02
sequence-density-rank=5
fanout-score=43.44
fanout-score-rank=1
prefix-density=43.93
prefix-fanout=1.0
sequence=TGATGTTGACAATCTCGTATG


criterion=fanout-score
sequence-density=0.77
sequence-density-rank=8
fanout-score=13.14
fanout-score-rank=3
prefix-density=0.73
prefix-fanout=13.1
sequence=AAATCTCGTATG
MINION :: 09:59:32 [13-10-2014] Adapter prediction for SRR873386.fastq sample


criterion=sequence-density
sequence-density=90.81
sequence-density-rank=1
fanout-score=4.74
fanout-score-rank=9
prefix-density=88.95
prefix-fanout=4.7
sequence=ATCTCGTATGCCGTCTTCTGCTTGAAAAAAAAC


criterion=sequence-density
sequence-density=4.29
sequence-density-rank=2
fanout-score=7.67
fanout-score-rank=6
prefix-density=4.46
prefix-fanout=7.4
sequence=GCATCTCGTATG


criterion=fanout-score
sequence-density=0.76
sequence-density-rank=9
fanout-score=332.49
fanout-score-rank=1
prefix-density=88.91
prefix-fanout=2.8
sequence=CTCGTATGCCGCCTTCTGCTTGA


criterion=fanout-score
sequence-density=0.65
sequence-density-rank=12
fanout-score=76.53
fanout-score-rank=2
prefix-density=49.73
prefix-fanout=1.0
sequence=CTGATGTTGACCTC
MINION :: 09:59:39 [13-10-2014] Adapter prediction for SRR873387.fastq sample


criterion=sequence-density
sequence-density=92.14
sequence-density-rank=1
fanout-score=4.80
fanout-score-rank=8
prefix-density=88.61
prefix-fanout=4.8
sequence=ATCTCGTATGCCGTCTTCTGCTTGAAAAAA


criterion=sequence-density
sequence-density=4.55
sequence-density-rank=2
fanout-score=9.12
fanout-score-rank=6
prefix-density=4.66
prefix-fanout=8.9
sequence=GCATCTCGTATG


criterion=fanout-score
sequence-density=0.81
sequence-density-rank=8
fanout-score=322.03
fanout-score-rank=1
prefix-density=88.30
prefix-fanout=2.9
sequence=CTCGTATGCCGCCTTCTGCTTG


criterion=fanout-score
sequence-density=0.59
sequence-density-rank=13
fanout-score=85.80
fanout-score-rank=2
prefix-density=50.71
prefix-fanout=1.0
sequence=CTGATGTTGACCTC
MINION :: 09:59:49 [13-10-2014] Adapter prediction for SRR873388.fastq sample


criterion=sequence-density
sequence-density=92.84
sequence-density-rank=1
fanout-score=4.70
fanout-score-rank=9
prefix-density=89.12
prefix-fanout=4.7
sequence=ATCTCGTATGCCGTCTTCTGCTTGAAAAAA


criterion=sequence-density
sequence-density=4.57
sequence-density-rank=2
fanout-score=6.41
fanout-score-rank=6
prefix-density=4.57
prefix-fanout=6.4
sequence=GCATCTCGTATG


criterion=fanout-score
sequence-density=0.57
sequence-density-rank=12
fanout-score=87.60
fanout-score-rank=1
prefix-density=49.65
prefix-fanout=1.0
sequence=CTGATGTTGACCTC


criterion=fanout-score
sequence-density=0.83
sequence-density-rank=6
fanout-score=59.88
fanout-score-rank=2
prefix-density=49.66
prefix-fanout=1.0
sequence=TGATGTTGACAATCTCGTATG
MINION :: 09:59:57 [13-10-2014] Adapter prediction for SRR873389.fastq sample


criterion=sequence-density
sequence-density=92.08
sequence-density-rank=1
fanout-score=4.47
fanout-score-rank=10
prefix-density=90.18
prefix-fanout=4.5
sequence=ATCTCGTATGCCGTCTTCTGCTTGAAAAAAAACA


criterion=sequence-density
sequence-density=4.61
sequence-density-rank=2
fanout-score=6.47
fanout-score-rank=7
prefix-density=4.84
prefix-fanout=6.2
sequence=GCATCTCGTATG


criterion=fanout-score
sequence-density=0.67
sequence-density-rank=10
fanout-score=377.02
fanout-score-rank=1
prefix-density=89.85
prefix-fanout=2.8
sequence=CTCGTATGCCGCCTTCTGCTTGA


criterion=fanout-score
sequence-density=0.53
sequence-density-rank=13
fanout-score=95.99
fanout-score-rank=2
prefix-density=50.90
prefix-fanout=1.0
sequence=CTGATGTTGACCTC
