CUTADAPT :: 17:00:41 [11-10-2014] Executing mkdir -p /Users/apple/Pipeline/examples/Cutadapt/cutadapt_results/ ; cutadapt -b ATCTCGTATGCCGTCTTCTGCTTGAA  -m 18 -M 26 -q 25 /Users/apple/Pipeline/examples/Cutadapt/reads/SRR873382.fastq > /Users/apple/Pipeline/examples/Cutadapt/cutadapt_results/SRR873382.fastq 2>> /Users/apple/Pipeline/examples/Cutadapt/run_4409.log
cutadapt version 1.2.1
Command line parameters: -b ATCTCGTATGCCGTCTTCTGCTTGAA -m 18 -M 26 -q 25 /Users/apple/Pipeline/examples/Cutadapt/reads/SRR873382.fastq
Maximum error rate: 10.00%
   No. of adapters: 1
   Processed reads:      5000000
   Processed bases:    185000000 bp (185.0 Mbp)
     Trimmed reads:      4570334 (91.4%)
   Quality-trimmed:      9986621 bp (70.4 Mbp) (5.40% of total)
     Trimmed bases:     70402352 bp (70.4 Mbp) (38.06% of total)
   Too short reads:       658625 (13.2% of processed reads)
    Too long reads:       102493 (2.0% of processed reads)
        Total time:    241.74 s
     Time per read:      0.05 ms

=== Adapter 1 ===

Adapter 'ATCTCGTATGCCGTCTTCTGCTTGAA', length 26, was trimmed 4570334 times.
305928 times, it overlapped the 5' end of a read
4264406 times, it overlapped the 3' end or was within the read

No. of allowed errors:
0-9 bp: 0; 10-19 bp: 1; 20-26 bp: 2

Lengths of removed sequences (5')
length	count	expected	max. errors
3	763	78125.0	0
4	1867	19531.2	0
5	252	4882.8	0
6	54	1220.7	0
7	53	305.2	0
8	106	76.3	0
9	96	19.1	0
10	205	4.8	1
11	67	1.2	1
12	106	0.3	1
13	261	0.1	1
14	89	0.0	1
15	274	0.0	1
16	108	0.0	1
17	52	0.0	1
18	112	0.0	1
19	319	0.0	1
20	1065	0.0	2
21	12170	0.0	2
22	1325	0.0	2
23	8125	0.0	2
24	12042	0.0	2
25	5986	0.0	2
26	255854	0.0	2
27	3907	0.0	2
28	670	0.0	2


Lengths of removed sequences (3' or within)
length	count	expected	max. errors
3	52423	78125.0	0
4	17329	19531.2	0
5	23238	4882.8	0
6	6837	1220.7	0
7	18920	305.2	0
8	16346	76.3	0
9	36802	19.1	0
10	23985	4.8	1
11	40832	1.2	1
12	142633	0.3	1
13	236479	0.1	1
14	2065643	0.0	1
15	835510	0.0	1
16	277300	0.0	1
17	95437	0.0	1
18	44796	0.0	1
19	59412	0.0	1
20	57872	0.0	2
21	32181	0.0	2
22	31985	0.0	2
23	22657	0.0	2
24	14767	0.0	2
25	7858	0.0	2
26	8557	0.0	2
27	7346	0.0	2
28	6503	0.0	2
29	9168	0.0	2
30	12271	0.0	2
31	16477	0.0	2
32	21651	0.0	2
33	11564	0.0	2
34	9626	0.0	2
35	1	0.0	2

CUTADAPT :: 17:04:47 [11-10-2014] Executing mkdir -p /Users/apple/Pipeline/examples/Cutadapt/cutadapt_results/ ; cutadapt -b ATCTCGTATGCCGTCTTCTGCTTGAA  -m 18 -M 26 -q 25 /Users/apple/Pipeline/examples/Cutadapt/reads/SRR873383.fastq > /Users/apple/Pipeline/examples/Cutadapt/cutadapt_results/SRR873383.fastq 2>> /Users/apple/Pipeline/examples/Cutadapt/run_4409.log
cutadapt version 1.2.1
Command line parameters: -b ATCTCGTATGCCGTCTTCTGCTTGAA -m 18 -M 26 -q 25 /Users/apple/Pipeline/examples/Cutadapt/reads/SRR873383.fastq
Maximum error rate: 10.00%
   No. of adapters: 1
   Processed reads:      5000000
   Processed bases:    185000000 bp (185.0 Mbp)
     Trimmed reads:      4513287 (90.3%)
   Quality-trimmed:     12068875 bp (69.0 Mbp) (6.52% of total)
     Trimmed bases:     68982847 bp (69.0 Mbp) (37.29% of total)
   Too short reads:       708288 (14.2% of processed reads)
    Too long reads:       115012 (2.3% of processed reads)
        Total time:    238.19 s
     Time per read:      0.05 ms

=== Adapter 1 ===

Adapter 'ATCTCGTATGCCGTCTTCTGCTTGAA', length 26, was trimmed 4513287 times.
419629 times, it overlapped the 5' end of a read
4093658 times, it overlapped the 3' end or was within the read

No. of allowed errors:
0-9 bp: 0; 10-19 bp: 1; 20-26 bp: 2

Lengths of removed sequences (5')
length	count	expected	max. errors
3	1048	78125.0	0
4	2515	19531.2	0
5	266	4882.8	0
6	90	1220.7	0
7	54	305.2	0
8	114	76.3	0
9	91	19.1	0
10	164	4.8	1
11	70	1.2	1
12	117	0.3	1
13	223	0.1	1
14	82	0.0	1
15	329	0.0	1
16	144	0.0	1
17	89	0.0	1
18	135	0.0	1
19	388	0.0	1
20	1455	0.0	2
21	15760	0.0	2
22	2292	0.0	2
23	11354	0.0	2
24	16585	0.0	2
25	10817	0.0	2
26	344041	0.0	2
27	11047	0.0	2
28	359	0.0	2


Lengths of removed sequences (3' or within)
length	count	expected	max. errors
3	63470	78125.0	0
4	23581	19531.2	0
5	29780	4882.8	0
6	12142	1220.7	0
7	30824	305.2	0
8	27959	76.3	0
9	40020	19.1	0
10	34040	4.8	1
11	59925	1.2	1
12	197336	0.3	1
13	282863	0.1	1
14	1961966	0.0	1
15	715015	0.0	1
16	243021	0.0	1
17	90971	0.0	1
18	34616	0.0	1
19	49914	0.0	1
20	43845	0.0	2
21	21298	0.0	2
22	31818	0.0	2
23	18876	0.0	2
24	9526	0.0	2
25	4316	0.0	2
26	6397	0.0	2
27	7668	0.0	2
28	1811	0.0	2
29	7108	0.0	2
30	10256	0.0	2
31	13198	0.0	2
32	12470	0.0	2
33	4445	0.0	2
34	3179	0.0	2
35	4	0.0	2

CUTADAPT :: 17:08:47 [11-10-2014] Executing mkdir -p /Users/apple/Pipeline/examples/Cutadapt/cutadapt_results/ ; cutadapt -b ATCTCGTATGCCGTCTTCTGCTTGAA  -m 18 -M 26 -q 25 /Users/apple/Pipeline/examples/Cutadapt/reads/SRR873384.fastq > /Users/apple/Pipeline/examples/Cutadapt/cutadapt_results/SRR873384.fastq 2>> /Users/apple/Pipeline/examples/Cutadapt/run_4409.log
cutadapt version 1.2.1
Command line parameters: -b ATCTCGTATGCCGTCTTCTGCTTGAA -m 18 -M 26 -q 25 /Users/apple/Pipeline/examples/Cutadapt/reads/SRR873384.fastq
Maximum error rate: 10.00%
   No. of adapters: 1
   Processed reads:      5000000
   Processed bases:    185000000 bp (185.0 Mbp)
     Trimmed reads:      4705423 (94.1%)
   Quality-trimmed:      8918852 bp (78.4 Mbp) (4.82% of total)
     Trimmed bases:     78437748 bp (78.4 Mbp) (42.40% of total)
   Too short reads:      1069912 (21.4% of processed reads)
    Too long reads:        43771 (0.9% of processed reads)
        Total time:    239.89 s
     Time per read:      0.05 ms

=== Adapter 1 ===

Adapter 'ATCTCGTATGCCGTCTTCTGCTTGAA', length 26, was trimmed 4705423 times.
545767 times, it overlapped the 5' end of a read
4159656 times, it overlapped the 3' end or was within the read

No. of allowed errors:
0-9 bp: 0; 10-19 bp: 1; 20-26 bp: 2

Lengths of removed sequences (5')
length	count	expected	max. errors
3	546	78125.0	0
4	1168	19531.2	0
5	819	4882.8	0
6	52	1220.7	0
7	40	305.2	0
8	109	76.3	0
9	62	19.1	0
10	175	4.8	1
11	66	1.2	1
12	64	0.3	1
13	146	0.1	1
14	92	0.0	1
15	409	0.0	1
16	132	0.0	1
17	117	0.0	1
18	146	0.0	1
19	588	0.0	1
20	1171	0.0	2
21	12489	0.0	2
22	1599	0.0	2
23	11851	0.0	2
24	12865	0.0	2
25	12129	0.0	2
26	487423	0.0	2
27	1474	0.0	2
28	35	0.0	2


Lengths of removed sequences (3' or within)
length	count	expected	max. errors
3	71233	78125.0	0
4	21439	19531.2	0
5	19475	4882.8	0
6	5662	1220.7	0
7	26888	305.2	0
8	15786	76.3	0
9	15568	19.1	0
10	8305	4.8	1
11	37745	1.2	1
12	79009	0.3	1
13	198488	0.1	1
14	1882843	0.0	1
15	939465	0.0	1
16	253014	0.0	1
17	67038	0.0	1
18	28694	0.0	1
19	37941	0.0	1
20	34610	0.0	2
21	33171	0.0	2
22	38011	0.0	2
23	35107	0.0	2
24	18701	0.0	2
25	14761	0.0	2
26	13819	0.0	2
27	11455	0.0	2
28	8224	0.0	2
29	13605	0.0	2
30	14276	0.0	2
31	16126	0.0	2
32	37744	0.0	2
33	83225	0.0	2
34	77622	0.0	2
35	601	0.0	2
36	5	0.0	2

CUTADAPT :: 17:12:52 [11-10-2014] Executing mkdir -p /Users/apple/Pipeline/examples/Cutadapt/cutadapt_results/ ; cutadapt -b ATCTCGTATGCCGTCTTCTGCTTGAA  -m 18 -M 26 -q 25 /Users/apple/Pipeline/examples/Cutadapt/reads/SRR873385.fastq > /Users/apple/Pipeline/examples/Cutadapt/cutadapt_results/SRR873385.fastq 2>> /Users/apple/Pipeline/examples/Cutadapt/run_4409.log
cutadapt version 1.2.1
Command line parameters: -b ATCTCGTATGCCGTCTTCTGCTTGAA -m 18 -M 26 -q 25 /Users/apple/Pipeline/examples/Cutadapt/reads/SRR873385.fastq
Maximum error rate: 10.00%
   No. of adapters: 1
   Processed reads:      5000000
   Processed bases:    185000000 bp (185.0 Mbp)
     Trimmed reads:      4807771 (96.2%)
   Quality-trimmed:      5342216 bp (81.6 Mbp) (2.89% of total)
     Trimmed bases:     81634686 bp (81.6 Mbp) (44.13% of total)
   Too short reads:      1088786 (21.8% of processed reads)
    Too long reads:       104015 (2.1% of processed reads)
        Total time:    235.40 s
     Time per read:      0.05 ms

=== Adapter 1 ===

Adapter 'ATCTCGTATGCCGTCTTCTGCTTGAA', length 26, was trimmed 4807771 times.
469889 times, it overlapped the 5' end of a read
4337882 times, it overlapped the 3' end or was within the read

No. of allowed errors:
0-9 bp: 0; 10-19 bp: 1; 20-26 bp: 2

Lengths of removed sequences (5')
length	count	expected	max. errors
3	523	78125.0	0
4	1170	19531.2	0
5	618	4882.8	0
6	104	1220.7	0
7	56	305.2	0
8	116	76.3	0
9	109	19.1	0
10	273	4.8	1
11	77	1.2	1
12	164	0.3	1
13	294	0.1	1
14	76	0.0	1
15	256	0.0	1
16	158	0.0	1
17	123	0.0	1
18	158	0.0	1
19	668	0.0	1
20	1217	0.0	2
21	10561	0.0	2
22	802	0.0	2
23	14468	0.0	2
24	9732	0.0	2
25	16291	0.0	2
26	409170	0.0	2
27	2614	0.0	2
28	91	0.0	2


Lengths of removed sequences (3' or within)
length	count	expected	max. errors
3	34191	78125.0	0
4	9333	19531.2	0
5	12108	4882.8	0
6	7139	1220.7	0
7	7924	305.2	0
8	19609	76.3	0
9	26432	19.1	0
10	24577	4.8	1
11	37191	1.2	1
12	60844	0.3	1
13	206201	0.1	1
14	2019881	0.0	1
15	803454	0.0	1
16	288829	0.0	1
17	87156	0.0	1
18	53181	0.0	1
19	59112	0.0	1
20	54304	0.0	2
21	48464	0.0	2
22	51221	0.0	2
23	36341	0.0	2
24	14784	0.0	2
25	12845	0.0	2
26	8117	0.0	2
27	5781	0.0	2
28	5229	0.0	2
29	15320	0.0	2
30	35158	0.0	2
31	24521	0.0	2
32	101053	0.0	2
33	82624	0.0	2
34	82517	0.0	2
35	2411	0.0	2
36	30	0.0	2

CUTADAPT :: 17:16:51 [11-10-2014] Executing mkdir -p /Users/apple/Pipeline/examples/Cutadapt/cutadapt_results/ ; cutadapt -b ATCTCGTATGCCGTCTTCTGCTTGAA  -m 18 -M 26 -q 25 /Users/apple/Pipeline/examples/Cutadapt/reads/SRR873386.fastq > /Users/apple/Pipeline/examples/Cutadapt/cutadapt_results/SRR873386.fastq 2>> /Users/apple/Pipeline/examples/Cutadapt/run_4409.log
cutadapt version 1.2.1
Command line parameters: -b ATCTCGTATGCCGTCTTCTGCTTGAA -m 18 -M 26 -q 25 /Users/apple/Pipeline/examples/Cutadapt/reads/SRR873386.fastq
Maximum error rate: 10.00%
   No. of adapters: 1
   Processed reads:      5000000
   Processed bases:    185000000 bp (185.0 Mbp)
     Trimmed reads:      4642405 (92.8%)
   Quality-trimmed:      7876742 bp (69.9 Mbp) (4.26% of total)
     Trimmed bases:     69927281 bp (69.9 Mbp) (37.80% of total)
   Too short reads:       526704 (10.5% of processed reads)
    Too long reads:       167470 (3.3% of processed reads)
        Total time:    240.61 s
     Time per read:      0.05 ms

=== Adapter 1 ===

Adapter 'ATCTCGTATGCCGTCTTCTGCTTGAA', length 26, was trimmed 4642405 times.
202223 times, it overlapped the 5' end of a read
4440182 times, it overlapped the 3' end or was within the read

No. of allowed errors:
0-9 bp: 0; 10-19 bp: 1; 20-26 bp: 2

Lengths of removed sequences (5')
length	count	expected	max. errors
3	437	78125.0	0
4	2776	19531.2	0
5	251	4882.8	0
6	77	1220.7	0
7	39	305.2	0
8	78	76.3	0
9	118	19.1	0
10	128	4.8	1
11	81	1.2	1
12	102	0.3	1
13	321	0.1	1
14	32	0.0	1
15	180	0.0	1
16	85	0.0	1
17	34	0.0	1
18	88	0.0	1
19	218	0.0	1
20	659	0.0	2
21	4926	0.0	2
22	1042	0.0	2
23	7101	0.0	2
24	10399	0.0	2
25	4354	0.0	2
26	167072	0.0	2
27	1245	0.0	2
28	380	0.0	2


Lengths of removed sequences (3' or within)
length	count	expected	max. errors
3	76644	78125.0	0
4	13914	19531.2	0
5	27100	4882.8	0
6	8323	1220.7	0
7	17692	305.2	0
8	18643	76.3	0
9	66457	19.1	0
10	23466	4.8	1
11	32751	1.2	1
12	121168	0.3	1
13	256822	0.1	1
14	2105093	0.0	1
15	828253	0.0	1
16	363715	0.0	1
17	103577	0.0	1
18	54306	0.0	1
19	50381	0.0	1
20	44795	0.0	2
21	38756	0.0	2
22	41920	0.0	2
23	24185	0.0	2
24	17670	0.0	2
25	9753	0.0	2
26	9042	0.0	2
27	10486	0.0	2
28	10534	0.0	2
29	13404	0.0	2
30	14172	0.0	2
31	4712	0.0	2
32	8789	0.0	2
33	11426	0.0	2
34	12214	0.0	2
35	15	0.0	2
36	4	0.0	2

CUTADAPT :: 17:20:56 [11-10-2014] Executing mkdir -p /Users/apple/Pipeline/examples/Cutadapt/cutadapt_results/ ; cutadapt -b ATCTCGTATGCCGTCTTCTGCTTGAA  -m 18 -M 26 -q 25 /Users/apple/Pipeline/examples/Cutadapt/reads/SRR873387.fastq > /Users/apple/Pipeline/examples/Cutadapt/cutadapt_results/SRR873387.fastq 2>> /Users/apple/Pipeline/examples/Cutadapt/run_4409.log
cutadapt version 1.2.1
Command line parameters: -b ATCTCGTATGCCGTCTTCTGCTTGAA -m 18 -M 26 -q 25 /Users/apple/Pipeline/examples/Cutadapt/reads/SRR873387.fastq
Maximum error rate: 10.00%
   No. of adapters: 1
   Processed reads:      5000000
   Processed bases:    185000000 bp (185.0 Mbp)
     Trimmed reads:      4697410 (93.9%)
   Quality-trimmed:      7166624 bp (72.5 Mbp) (3.87% of total)
     Trimmed bases:     72513021 bp (72.5 Mbp) (39.20% of total)
   Too short reads:       621754 (12.4% of processed reads)
    Too long reads:       119869 (2.4% of processed reads)
        Total time:    238.63 s
     Time per read:      0.05 ms

=== Adapter 1 ===

Adapter 'ATCTCGTATGCCGTCTTCTGCTTGAA', length 26, was trimmed 4697410 times.
309531 times, it overlapped the 5' end of a read
4387879 times, it overlapped the 3' end or was within the read

No. of allowed errors:
0-9 bp: 0; 10-19 bp: 1; 20-26 bp: 2

Lengths of removed sequences (5')
length	count	expected	max. errors
3	464	78125.0	0
4	1740	19531.2	0
5	192	4882.8	0
6	105	1220.7	0
7	47	305.2	0
8	118	76.3	0
9	117	19.1	0
10	170	4.8	1
11	67	1.2	1
12	105	0.3	1
13	309	0.1	1
14	38	0.0	1
15	207	0.0	1
16	97	0.0	1
17	63	0.0	1
18	99	0.0	1
19	239	0.0	1
20	839	0.0	2
21	7005	0.0	2
22	1160	0.0	2
23	11061	0.0	2
24	14100	0.0	2
25	6822	0.0	2
26	261950	0.0	2
27	1819	0.0	2
28	598	0.0	2


Lengths of removed sequences (3' or within)
length	count	expected	max. errors
3	63499	78125.0	0
4	12383	19531.2	0
5	23358	4882.8	0
6	6089	1220.7	0
7	15735	305.2	0
8	12348	76.3	0
9	34078	19.1	0
10	26790	4.8	1
11	39803	1.2	1
12	103075	0.3	1
13	215844	0.1	1
14	2089882	0.0	1
15	843316	0.0	1
16	418589	0.0	1
17	111199	0.0	1
18	50388	0.0	1
19	55024	0.0	1
20	47922	0.0	2
21	44657	0.0	2
22	50545	0.0	2
23	25235	0.0	2
24	10314	0.0	2
25	4107	0.0	2
26	3307	0.0	2
27	3673	0.0	2
28	3236	0.0	2
29	7438	0.0	2
30	12033	0.0	2
31	11924	0.0	2
32	15933	0.0	2
33	14860	0.0	2
34	11285	0.0	2
35	9	0.0	2
36	1	0.0	2

CUTADAPT :: 17:24:58 [11-10-2014] Executing mkdir -p /Users/apple/Pipeline/examples/Cutadapt/cutadapt_results/ ; cutadapt -b ATCTCGTATGCCGTCTTCTGCTTGAA  -m 18 -M 26 -q 25 /Users/apple/Pipeline/examples/Cutadapt/reads/SRR873388.fastq > /Users/apple/Pipeline/examples/Cutadapt/cutadapt_results/SRR873388.fastq 2>> /Users/apple/Pipeline/examples/Cutadapt/run_4409.log
cutadapt version 1.2.1
Command line parameters: -b ATCTCGTATGCCGTCTTCTGCTTGAA -m 18 -M 26 -q 25 /Users/apple/Pipeline/examples/Cutadapt/reads/SRR873388.fastq
Maximum error rate: 10.00%
   No. of adapters: 1
   Processed reads:      5000000
   Processed bases:    185000000 bp (185.0 Mbp)
     Trimmed reads:      4706212 (94.1%)
   Quality-trimmed:      6427449 bp (74.0 Mbp) (3.47% of total)
     Trimmed bases:     74000797 bp (74.0 Mbp) (40.00% of total)
   Too short reads:       672266 (13.4% of processed reads)
    Too long reads:        96153 (1.9% of processed reads)
        Total time:    244.79 s
     Time per read:      0.05 ms

=== Adapter 1 ===

Adapter 'ATCTCGTATGCCGTCTTCTGCTTGAA', length 26, was trimmed 4706212 times.
288923 times, it overlapped the 5' end of a read
4417289 times, it overlapped the 3' end or was within the read

No. of allowed errors:
0-9 bp: 0; 10-19 bp: 1; 20-26 bp: 2

Lengths of removed sequences (5')
length	count	expected	max. errors
3	377	78125.0	0
4	1581	19531.2	0
5	121	4882.8	0
6	74	1220.7	0
7	52	305.2	0
8	121	76.3	0
9	99	19.1	0
10	161	4.8	1
11	82	1.2	1
12	96	0.3	1
13	270	0.1	1
14	43	0.0	1
15	193	0.0	1
16	96	0.0	1
17	49	0.0	1
18	94	0.0	1
19	250	0.0	1
20	915	0.0	2
21	5846	0.0	2
22	1523	0.0	2
23	8484	0.0	2
24	14094	0.0	2
25	6361	0.0	2
26	246616	0.0	2
27	1134	0.0	2
28	191	0.0	2


Lengths of removed sequences (3' or within)
length	count	expected	max. errors
3	51941	78125.0	0
4	8729	19531.2	0
5	18729	4882.8	0
6	5476	1220.7	0
7	10552	305.2	0
8	15456	76.3	0
9	24195	19.1	0
10	18922	4.8	1
11	30700	1.2	1
12	67053	0.3	1
13	213732	0.1	1
14	2171809	0.0	1
15	875244	0.0	1
16	354944	0.0	1
17	107235	0.0	1
18	51284	0.0	1
19	51819	0.0	1
20	43154	0.0	2
21	38985	0.0	2
22	40710	0.0	2
23	24693	0.0	2
24	11212	0.0	2
25	11644	0.0	2
26	10121	0.0	2
27	10302	0.0	2
28	15728	0.0	2
29	25132	0.0	2
30	34009	0.0	2
31	7788	0.0	2
32	15156	0.0	2
33	22418	0.0	2
34	27827	0.0	2
35	582	0.0	2
36	8	0.0	2

CUTADAPT :: 17:29:12 [11-10-2014] Executing mkdir -p /Users/apple/Pipeline/examples/Cutadapt/cutadapt_results/ ; cutadapt -b ATCTCGTATGCCGTCTTCTGCTTGAA  -m 18 -M 26 -q 25 /Users/apple/Pipeline/examples/Cutadapt/reads/SRR873389.fastq > /Users/apple/Pipeline/examples/Cutadapt/cutadapt_results/SRR873389.fastq 2>> /Users/apple/Pipeline/examples/Cutadapt/run_4409.log
cutadapt version 1.2.1
Command line parameters: -b ATCTCGTATGCCGTCTTCTGCTTGAA -m 18 -M 26 -q 25 /Users/apple/Pipeline/examples/Cutadapt/reads/SRR873389.fastq
Maximum error rate: 10.00%
   No. of adapters: 1
   Processed reads:      5000000
   Processed bases:    185000000 bp (185.0 Mbp)
     Trimmed reads:      4669130 (93.4%)
   Quality-trimmed:      7661962 bp (69.7 Mbp) (4.14% of total)
     Trimmed bases:     69680806 bp (69.7 Mbp) (37.67% of total)
   Too short reads:       486142 (9.7% of processed reads)
    Too long reads:       144982 (2.9% of processed reads)
        Total time:    245.67 s
     Time per read:      0.05 ms

=== Adapter 1 ===

Adapter 'ATCTCGTATGCCGTCTTCTGCTTGAA', length 26, was trimmed 4669130 times.
201221 times, it overlapped the 5' end of a read
4467909 times, it overlapped the 3' end or was within the read

No. of allowed errors:
0-9 bp: 0; 10-19 bp: 1; 20-26 bp: 2

Lengths of removed sequences (5')
length	count	expected	max. errors
3	521	78125.0	0
4	2198	19531.2	0
5	132	4882.8	0
6	67	1220.7	0
7	40	305.2	0
8	69	76.3	0
9	72	19.1	0
10	88	4.8	1
11	68	1.2	1
12	56	0.3	1
13	176	0.1	1
14	27	0.0	1
15	170	0.0	1
16	67	0.0	1
17	34	0.0	1
18	81	0.0	1
19	145	0.0	1
20	605	0.0	2
21	5142	0.0	2
22	953	0.0	2
23	6904	0.0	2
24	8489	0.0	2
25	4318	0.0	2
26	169643	0.0	2
27	832	0.0	2
28	324	0.0	2


Lengths of removed sequences (3' or within)
length	count	expected	max. errors
3	83703	78125.0	0
4	13242	19531.2	0
5	27202	4882.8	0
6	9829	1220.7	0
7	20633	305.2	0
8	22388	76.3	0
9	50876	19.1	0
10	23285	4.8	1
11	30003	1.2	1
12	148102	0.3	1
13	249746	0.1	1
14	2186964	0.0	1
15	827814	0.0	1
16	338456	0.0	1
17	100968	0.0	1
18	49374	0.0	1
19	49504	0.0	1
20	39876	0.0	2
21	34457	0.0	2
22	43292	0.0	2
23	27372	0.0	2
24	15574	0.0	2
25	7896	0.0	2
26	5728	0.0	2
27	5418	0.0	2
28	5350	0.0	2
29	7367	0.0	2
30	8852	0.0	2
31	4134	0.0	2
32	7331	0.0	2
33	11432	0.0	2
34	11729	0.0	2
35	11	0.0	2
36	1	0.0	2

